<?xml version="1.0" encoding="UTF-8"?>
<coverage generated="1585769966603" clover="3.2.0">
  <project timestamp="1585769966603" name="All files">
    <metrics statements="64" coveredstatements="64" conditionals="17" coveredconditionals="17" methods="13" coveredmethods="13" elements="94" coveredelements="94" complexity="0" loc="64" ncloc="64" packages="5" files="10" classes="10"/>
    <package name="server">
      <metrics statements="13" coveredstatements="13" conditionals="7" coveredconditionals="7" methods="3" coveredmethods="3"/>
      <file name="config.ts" path="/Users/bastard/dev/personal/todo/server/server/config.ts">
        <metrics statements="1" coveredstatements="1" conditionals="4" coveredconditionals="4" methods="0" coveredmethods="0"/>
        <line num="1" count="1" type="stmt"/>
      </file>
      <file name="data.ts" path="/Users/bastard/dev/personal/todo/server/server/data.ts">
        <metrics statements="1" coveredstatements="1" conditionals="0" coveredconditionals="0" methods="0" coveredmethods="0"/>
        <line num="1" count="1" type="stmt"/>
      </file>
      <file name="database.ts" path="/Users/bastard/dev/personal/todo/server/server/database.ts">
        <metrics statements="6" coveredstatements="6" conditionals="2" coveredconditionals="2" methods="2" coveredmethods="2"/>
        <line num="1" count="1" type="stmt"/>
        <line num="2" count="1" type="stmt"/>
        <line num="4" count="1" type="stmt"/>
        <line num="5" count="14" type="cond" truecount="1" falsecount="0"/>
        <line num="8" count="1" type="stmt"/>
        <line num="9" count="2" type="cond" truecount="1" falsecount="0"/>
      </file>
      <file name="reset.ts" path="/Users/bastard/dev/personal/todo/server/server/reset.ts">
        <metrics statements="5" coveredstatements="5" conditionals="1" coveredconditionals="1" methods="1" coveredmethods="1"/>
        <line num="1" count="1" type="stmt"/>
        <line num="2" count="1" type="stmt"/>
        <line num="4" count="1" type="stmt"/>
        <line num="5" count="14" type="cond" truecount="1" falsecount="0"/>
        <line num="6" count="14" type="stmt"/>
      </file>
    </package>
    <package name="server.models">
      <metrics statements="4" coveredstatements="4" conditionals="0" coveredconditionals="0" methods="0" coveredmethods="0"/>
      <file name="TodoModel.ts" path="/Users/bastard/dev/personal/todo/server/server/models/TodoModel.ts">
        <metrics statements="3" coveredstatements="3" conditionals="0" coveredconditionals="0" methods="0" coveredmethods="0"/>
        <line num="1" count="1" type="stmt"/>
        <line num="3" count="1" type="stmt"/>
        <line num="9" count="1" type="stmt"/>
      </file>
      <file name="index.ts" path="/Users/bastard/dev/personal/todo/server/server/models/index.ts">
        <metrics statements="1" coveredstatements="1" conditionals="0" coveredconditionals="0" methods="0" coveredmethods="0"/>
        <line num="1" count="1" type="stmt"/>
      </file>
    </package>
    <package name="server.resolvers">
      <metrics statements="28" coveredstatements="28" conditionals="7" coveredconditionals="7" methods="7" coveredmethods="7"/>
      <file name="TodoResolvers.ts" path="/Users/bastard/dev/personal/todo/server/server/resolvers/TodoResolvers.ts">
        <metrics statements="24" coveredstatements="24" conditionals="7" coveredconditionals="7" methods="7" coveredmethods="7"/>
        <line num="1" count="1" type="stmt"/>
        <line num="4" count="1" type="stmt"/>
        <line num="5" count="3" type="stmt"/>
        <line num="6" count="3" type="cond" truecount="1" falsecount="0"/>
        <line num="7" count="3" type="stmt"/>
        <line num="11" count="1" type="stmt"/>
        <line num="12" count="8" type="stmt"/>
        <line num="13" count="8" type="cond" truecount="1" falsecount="0"/>
        <line num="14" count="8" type="stmt"/>
        <line num="16" count="1" type="stmt"/>
        <line num="17" count="1" type="cond" truecount="1" falsecount="0"/>
        <line num="18" count="1" type="stmt"/>
        <line num="20" count="1" type="stmt"/>
        <line num="21" count="1" type="cond" truecount="1" falsecount="0"/>
        <line num="22" count="1" type="stmt"/>
        <line num="24" count="1" type="stmt"/>
        <line num="25" count="1" type="cond" truecount="1" falsecount="0"/>
        <line num="26" count="1" type="stmt"/>
        <line num="28" count="1" type="stmt"/>
        <line num="29" count="1" type="cond" truecount="1" falsecount="0"/>
        <line num="30" count="1" type="stmt"/>
        <line num="32" count="8" type="stmt"/>
        <line num="33" count="8" type="cond" truecount="1" falsecount="0"/>
        <line num="34" count="8" type="stmt"/>
      </file>
      <file name="index.ts" path="/Users/bastard/dev/personal/todo/server/server/resolvers/index.ts">
        <metrics statements="4" coveredstatements="4" conditionals="0" coveredconditionals="0" methods="0" coveredmethods="0"/>
        <line num="1" count="1" type="stmt"/>
        <line num="2" count="1" type="stmt"/>
        <line num="4" count="1" type="stmt"/>
        <line num="9" count="1" type="stmt"/>
      </file>
    </package>
    <package name="server.schema">
      <metrics statements="4" coveredstatements="4" conditionals="0" coveredconditionals="0" methods="0" coveredmethods="0"/>
      <file name="index.ts" path="/Users/bastard/dev/personal/todo/server/server/schema/index.ts">
        <metrics statements="4" coveredstatements="4" conditionals="0" coveredconditionals="0" methods="0" coveredmethods="0"/>
        <line num="1" count="1" type="stmt"/>
        <line num="2" count="1" type="stmt"/>
        <line num="4" count="1" type="stmt"/>
        <line num="6" count="1" type="stmt"/>
      </file>
    </package>
    <package name="test">
      <metrics statements="15" coveredstatements="15" conditionals="3" coveredconditionals="3" methods="3" coveredmethods="3"/>
      <file name="helpers.ts" path="/Users/bastard/dev/personal/todo/server/test/helpers.ts">
        <metrics statements="15" coveredstatements="15" conditionals="3" coveredconditionals="3" methods="3" coveredmethods="3"/>
        <line num="1" count="1" type="stmt"/>
        <line num="2" count="1" type="stmt"/>
        <line num="3" count="1" type="stmt"/>
        <line num="4" count="1" type="stmt"/>
        <line num="5" count="1" type="stmt"/>
        <line num="6" count="1" type="stmt"/>
        <line num="8" count="1" type="stmt"/>
        <line num="9" count="3" type="stmt"/>
        <line num="14" count="1" type="stmt"/>
        <line num="15" count="6" type="stmt"/>
        <line num="20" count="1" type="stmt"/>
        <line num="25" count="1" type="stmt"/>
        <line num="27" count="15" type="cond" truecount="2" falsecount="0"/>
        <line num="29" count="9" type="cond" truecount="1" falsecount="0"/>
        <line num="36" count="9" type="stmt"/>
      </file>
    </package>
  </project>
</coverage>
