{"/Users/bastard/dev/personal/todo/server/server/config.ts": {"path":"/Users/bastard/dev/personal/todo/server/server/config.ts","statementMap":{"0":{"start":{"line":1,"column":13},"end":{"line":4,"column":null}}},"fnMap":{},"branchMap":{"0":{"loc":{"start":{"line":2,"column":8},"end":{"line":2,"column":24}},"type":"binary-expr","locations":[{"start":{"line":2,"column":8},"end":{"line":2,"column":24}},{"start":{"line":2,"column":28},"end":{"line":2,"column":32}}]},"1":{"loc":{"start":{"line":3,"column":15},"end":{"line":3,"column":38}},"type":"binary-expr","locations":[{"start":{"line":3,"column":15},"end":{"line":3,"column":38}},{"start":{"line":3,"column":42},"end":{"line":3,"column":74}}]}},"s":{"0":1},"f":{},"b":{"0":[1,1],"1":[1,1]}}
,"/Users/bastard/dev/personal/todo/server/server/data.ts": {"path":"/Users/bastard/dev/personal/todo/server/server/data.ts","statementMap":{"0":{"start":{"line":1,"column":13},"end":{"line":6,"column":null}}},"fnMap":{},"branchMap":{},"s":{"0":1},"f":{},"b":{}}
,"/Users/bastard/dev/personal/todo/server/server/database.ts": {"path":"/Users/bastard/dev/personal/todo/server/server/database.ts","statementMap":{"0":{"start":{"line":1,"column":0},"end":{"line":1,"column":46}},"1":{"start":{"line":2,"column":0},"end":{"line":2,"column":33}},"2":{"start":{"line":5,"column":2},"end":{"line":5,"column":null}},"3":{"start":{"line":4,"column":0},"end":{"line":4,"column":22}},"4":{"start":{"line":9,"column":2},"end":{"line":9,"column":null}},"5":{"start":{"line":8,"column":0},"end":{"line":8,"column":22}}},"fnMap":{"0":{"name":"Connect","decl":{"start":{"line":4,"column":22},"end":{"line":4,"column":29}},"loc":{"start":{"line":4,"column":29},"end":{"line":6,"column":null}}},"1":{"name":"Disconnect","decl":{"start":{"line":8,"column":22},"end":{"line":8,"column":32}},"loc":{"start":{"line":8,"column":32},"end":{"line":10,"column":null}}}},"branchMap":{"0":{"loc":{"start":{"line":5,"column":2},"end":{"line":5,"column":null}},"type":"switch","locations":[{"start":{"line":5,"column":2},"end":{"line":5,"column":null}}]},"1":{"loc":{"start":{"line":9,"column":2},"end":{"line":9,"column":null}},"type":"switch","locations":[{"start":{"line":9,"column":2},"end":{"line":9,"column":null}}]}},"s":{"0":1,"1":1,"2":14,"3":1,"4":2,"5":1},"f":{"0":7,"1":1},"b":{"0":[7],"1":[1]}}
,"/Users/bastard/dev/personal/todo/server/server/reset.ts": {"path":"/Users/bastard/dev/personal/todo/server/server/reset.ts","statementMap":{"0":{"start":{"line":1,"column":0},"end":{"line":1,"column":52}},"1":{"start":{"line":2,"column":0},"end":{"line":2,"column":34}},"2":{"start":{"line":5,"column":2},"end":{"line":5,"column":null}},"3":{"start":{"line":6,"column":2},"end":{"line":6,"column":null}},"4":{"start":{"line":4,"column":0},"end":{"line":4,"column":22}}},"fnMap":{"0":{"name":"reset","decl":{"start":{"line":4,"column":22},"end":{"line":4,"column":27}},"loc":{"start":{"line":4,"column":27},"end":{"line":7,"column":null}}}},"branchMap":{"0":{"loc":{"start":{"line":5,"column":2},"end":{"line":5,"column":null}},"type":"switch","locations":[{"start":{"line":5,"column":2},"end":{"line":5,"column":null}}]}},"s":{"0":1,"1":1,"2":14,"3":14,"4":1},"f":{"0":7},"b":{"0":[7]}}
,"/Users/bastard/dev/personal/todo/server/server/models/TodoModel.ts": {"path":"/Users/bastard/dev/personal/todo/server/server/models/TodoModel.ts","statementMap":{"0":{"start":{"line":1,"column":0},"end":{"line":1,"column":47}},"1":{"start":{"line":3,"column":13},"end":{"line":7,"column":null}},"2":{"start":{"line":9,"column":13},"end":{"line":9,"column":null}}},"fnMap":{},"branchMap":{},"s":{"0":1,"1":1,"2":1},"f":{},"b":{}}
,"/Users/bastard/dev/personal/todo/server/server/models/index.ts": {"path":"/Users/bastard/dev/personal/todo/server/server/models/index.ts","statementMap":{"0":{"start":{"line":1,"column":0},"end":{"line":1,"column":27}}},"fnMap":{},"branchMap":{},"s":{"0":1},"f":{},"b":{}}
,"/Users/bastard/dev/personal/todo/server/server/resolvers/TodoResolvers.ts": {"path":"/Users/bastard/dev/personal/todo/server/server/resolvers/TodoResolvers.ts","statementMap":{"0":{"start":{"line":1,"column":0},"end":{"line":1,"column":31}},"1":{"start":{"line":4,"column":13},"end":{"line":9,"column":null}},"2":{"start":{"line":5,"column":9},"end":{"line":8,"column":null}},"3":{"start":{"line":6,"column":18},"end":{"line":6,"column":null}},"4":{"start":{"line":6,"column":10},"end":{"line":6,"column":null}},"5":{"start":{"line":7,"column":4},"end":{"line":7,"column":null}},"6":{"start":{"line":11,"column":13},"end":{"line":36,"column":null}},"7":{"start":{"line":12,"column":34},"end":{"line":12,"column":38}},"8":{"start":{"line":13,"column":17},"end":{"line":13,"column":null}},"9":{"start":{"line":13,"column":10},"end":{"line":13,"column":null}},"10":{"start":{"line":14,"column":4},"end":{"line":14,"column":null}},"11":{"start":{"line":16,"column":34},"end":{"line":16,"column":37}},"12":{"start":{"line":16,"column":39},"end":{"line":16,"column":43}},"13":{"start":{"line":17,"column":17},"end":{"line":17,"column":null}},"14":{"start":{"line":17,"column":10},"end":{"line":17,"column":null}},"15":{"start":{"line":18,"column":4},"end":{"line":18,"column":null}},"16":{"start":{"line":20,"column":34},"end":{"line":20,"column":37}},"17":{"start":{"line":21,"column":17},"end":{"line":21,"column":null}},"18":{"start":{"line":21,"column":10},"end":{"line":21,"column":null}},"19":{"start":{"line":22,"column":4},"end":{"line":22,"column":null}},"20":{"start":{"line":24,"column":12},"end":{"line":27,"column":null}},"21":{"start":{"line":25,"column":16},"end":{"line":25,"column":null}},"22":{"start":{"line":25,"column":10},"end":{"line":25,"column":null}},"23":{"start":{"line":26,"column":4},"end":{"line":26,"column":null}},"24":{"start":{"line":28,"column":14},"end":{"line":31,"column":null}},"25":{"start":{"line":29,"column":16},"end":{"line":29,"column":null}},"26":{"start":{"line":29,"column":10},"end":{"line":29,"column":null}},"27":{"start":{"line":30,"column":4},"end":{"line":30,"column":null}},"28":{"start":{"line":32,"column":13},"end":{"line":35,"column":null}},"29":{"start":{"line":33,"column":16},"end":{"line":33,"column":null}},"30":{"start":{"line":33,"column":10},"end":{"line":33,"column":null}},"31":{"start":{"line":34,"column":4},"end":{"line":34,"column":null}}},"fnMap":{"0":{"name":"(anonymous_13)","decl":{"start":{"line":5,"column":9},"end":{"line":5,"column":null}},"loc":{"start":{"line":5,"column":9},"end":{"line":8,"column":null}}},"1":{"name":"(anonymous_16)","decl":{"start":{"line":12,"column":14},"end":{"line":12,"column":21}},"loc":{"start":{"line":12,"column":45},"end":{"line":15,"column":null}}},"2":{"name":"(anonymous_19)","decl":{"start":{"line":16,"column":14},"end":{"line":16,"column":21}},"loc":{"start":{"line":16,"column":50},"end":{"line":19,"column":null}}},"3":{"name":"(anonymous_22)","decl":{"start":{"line":20,"column":14},"end":{"line":20,"column":21}},"loc":{"start":{"line":20,"column":44},"end":{"line":23,"column":null}}},"4":{"name":"(anonymous_25)","decl":{"start":{"line":24,"column":12},"end":{"line":24,"column":null}},"loc":{"start":{"line":24,"column":12},"end":{"line":27,"column":null}}},"5":{"name":"(anonymous_28)","decl":{"start":{"line":28,"column":14},"end":{"line":28,"column":null}},"loc":{"start":{"line":28,"column":14},"end":{"line":31,"column":null}}},"6":{"name":"(anonymous_31)","decl":{"start":{"line":32,"column":13},"end":{"line":32,"column":null}},"loc":{"start":{"line":32,"column":13},"end":{"line":35,"column":null}}}},"branchMap":{"0":{"loc":{"start":{"line":6,"column":18},"end":{"line":6,"column":null}},"type":"switch","locations":[{"start":{"line":6,"column":18},"end":{"line":6,"column":null}}]},"1":{"loc":{"start":{"line":13,"column":17},"end":{"line":13,"column":null}},"type":"switch","locations":[{"start":{"line":13,"column":17},"end":{"line":13,"column":null}}]},"2":{"loc":{"start":{"line":17,"column":17},"end":{"line":17,"column":null}},"type":"switch","locations":[{"start":{"line":17,"column":17},"end":{"line":17,"column":null}}]},"3":{"loc":{"start":{"line":21,"column":17},"end":{"line":21,"column":null}},"type":"switch","locations":[{"start":{"line":21,"column":17},"end":{"line":21,"column":null}}]},"4":{"loc":{"start":{"line":25,"column":16},"end":{"line":25,"column":null}},"type":"switch","locations":[{"start":{"line":25,"column":16},"end":{"line":25,"column":null}}]},"5":{"loc":{"start":{"line":29,"column":16},"end":{"line":29,"column":null}},"type":"switch","locations":[{"start":{"line":29,"column":16},"end":{"line":29,"column":null}}]},"6":{"loc":{"start":{"line":33,"column":16},"end":{"line":33,"column":null}},"type":"switch","locations":[{"start":{"line":33,"column":16},"end":{"line":33,"column":null}}]}},"s":{"0":1,"1":1,"2":3,"3":3,"4":3,"5":3,"6":1,"7":8,"8":8,"9":8,"10":8,"11":1,"12":1,"13":1,"14":1,"15":1,"16":1,"17":1,"18":1,"19":1,"20":1,"21":1,"22":1,"23":1,"24":1,"25":1,"26":1,"27":1,"28":8,"29":8,"30":8,"31":8},"f":{"0":6,"1":8,"2":1,"3":1,"4":2,"5":2,"6":16},"b":{"0":[3],"1":[8],"2":[1],"3":[1],"4":[1],"5":[1],"6":[8]}}
,"/Users/bastard/dev/personal/todo/server/server/resolvers/index.ts": {"path":"/Users/bastard/dev/personal/todo/server/server/resolvers/index.ts","statementMap":{"0":{"start":{"line":1,"column":0},"end":{"line":1,"column":28}},"1":{"start":{"line":2,"column":0},"end":{"line":2,"column":50}},"2":{"start":{"line":4,"column":18},"end":{"line":6,"column":null}},"3":{"start":{"line":9,"column":0},"end":{"line":9,"column":null}}},"fnMap":{},"branchMap":{},"s":{"0":1,"1":1,"2":1,"3":1},"f":{},"b":{}}
,"/Users/bastard/dev/personal/todo/server/server/schema/index.ts": {"path":"/Users/bastard/dev/personal/todo/server/server/schema/index.ts","statementMap":{"0":{"start":{"line":1,"column":0},"end":{"line":1,"column":28}},"1":{"start":{"line":2,"column":0},"end":{"line":2,"column":62}},"2":{"start":{"line":4,"column":19},"end":{"line":4,"column":78}},"3":{"start":{"line":6,"column":0},"end":{"line":6,"column":null}}},"fnMap":{},"branchMap":{},"s":{"0":1,"1":1,"2":1,"3":1},"f":{},"b":{}}
,"/Users/bastard/dev/personal/todo/server/test/helpers.ts": {"path":"/Users/bastard/dev/personal/todo/server/test/helpers.ts","statementMap":{"0":{"start":{"line":1,"column":0},"end":{"line":1,"column":23}},"1":{"start":{"line":2,"column":0},"end":{"line":2,"column":50}},"2":{"start":{"line":3,"column":0},"end":{"line":3,"column":52}},"3":{"start":{"line":4,"column":0},"end":{"line":4,"column":33}},"4":{"start":{"line":5,"column":0},"end":{"line":5,"column":39}},"5":{"start":{"line":6,"column":0},"end":{"line":6,"column":43}},"6":{"start":{"line":8,"column":13},"end":{"line":12,"column":null}},"7":{"start":{"line":9,"column":2},"end":{"line":11,"column":null}},"8":{"start":{"line":14,"column":13},"end":{"line":18,"column":null}},"9":{"start":{"line":15,"column":2},"end":{"line":17,"column":null}},"10":{"start":{"line":20,"column":15},"end":{"line":23,"column":2}},"11":{"start":{"line":25,"column":13},"end":{"line":37,"column":null}},"12":{"start":{"line":27,"column":2},"end":{"line":27,"column":null}},"13":{"start":{"line":29,"column":20},"end":{"line":35,"column":null}},"14":{"start":{"line":29,"column":8},"end":{"line":35,"column":null}},"15":{"start":{"line":36,"column":2},"end":{"line":36,"column":null}}},"fnMap":{"0":{"name":"(anonymous_14)","decl":{"start":{"line":8,"column":35},"end":{"line":8,"column":36}},"loc":{"start":{"line":8,"column":57},"end":{"line":12,"column":1}}},"1":{"name":"(anonymous_15)","decl":{"start":{"line":14,"column":38},"end":{"line":14,"column":39}},"loc":{"start":{"line":14,"column":63},"end":{"line":18,"column":1}}},"2":{"name":"(anonymous_16)","decl":{"start":{"line":25,"column":27},"end":{"line":25,"column":null}},"loc":{"start":{"line":27,"column":24},"end":{"line":37,"column":null}}}},"branchMap":{"0":{"loc":{"start":{"line":27,"column":2},"end":{"line":27,"column":null}},"type":"if","locations":[{"start":{"line":27,"column":2},"end":{"line":27,"column":null}},{"start":{"line":27,"column":2},"end":{"line":27,"column":null}}]},"1":{"loc":{"start":{"line":29,"column":20},"end":{"line":35,"column":null}},"type":"switch","locations":[{"start":{"line":29,"column":20},"end":{"line":35,"column":null}}]}},"s":{"0":1,"1":1,"2":1,"3":1,"4":1,"5":1,"6":1,"7":3,"8":1,"9":6,"10":1,"11":1,"12":15,"13":9,"14":9,"15":9},"f":{"0":3,"1":6,"2":9},"b":{"0":[6,3],"1":[9]}}
}
