TN:
SF:server/config.ts
FNF:0
FNH:0
DA:1,1
LF:1
LH:1
BRDA:2,0,0,1
BRDA:2,0,1,1
BRDA:3,1,0,1
BRDA:3,1,1,1
BRF:4
BRH:4
end_of_record
TN:
SF:server/data.ts
FNF:0
FNH:0
DA:1,1
LF:1
LH:1
BRF:0
BRH:0
end_of_record
TN:
SF:server/database.ts
FN:4,Connect
FN:8,Disconnect
FNF:2
FNH:2
FNDA:7,Connect
FNDA:1,Disconnect
DA:1,1
DA:2,1
DA:4,1
DA:5,14
DA:8,1
DA:9,2
LF:6
LH:6
BRDA:5,0,0,7
BRDA:9,1,0,1
BRF:2
BRH:2
end_of_record
TN:
SF:server/reset.ts
FN:4,reset
FNF:1
FNH:1
FNDA:7,reset
DA:1,1
DA:2,1
DA:4,1
DA:5,14
DA:6,14
LF:5
LH:5
BRDA:5,0,0,7
BRF:1
BRH:1
end_of_record
TN:
SF:server/models/TodoModel.ts
FNF:0
FNH:0
DA:1,1
DA:3,1
DA:9,1
LF:3
LH:3
BRF:0
BRH:0
end_of_record
TN:
SF:server/models/index.ts
FNF:0
FNH:0
DA:1,1
LF:1
LH:1
BRF:0
BRH:0
end_of_record
TN:
SF:server/resolvers/TodoResolvers.ts
FN:5,(anonymous_13)
FN:12,(anonymous_16)
FN:16,(anonymous_19)
FN:20,(anonymous_22)
FN:24,(anonymous_25)
FN:28,(anonymous_28)
FN:32,(anonymous_31)
FNF:7
FNH:7
FNDA:6,(anonymous_13)
FNDA:8,(anonymous_16)
FNDA:1,(anonymous_19)
FNDA:1,(anonymous_22)
FNDA:2,(anonymous_25)
FNDA:2,(anonymous_28)
FNDA:16,(anonymous_31)
DA:1,1
DA:4,1
DA:5,3
DA:6,3
DA:7,3
DA:11,1
DA:12,8
DA:13,8
DA:14,8
DA:16,1
DA:17,1
DA:18,1
DA:20,1
DA:21,1
DA:22,1
DA:24,1
DA:25,1
DA:26,1
DA:28,1
DA:29,1
DA:30,1
DA:32,8
DA:33,8
DA:34,8
LF:24
LH:24
BRDA:6,0,0,3
BRDA:13,1,0,8
BRDA:17,2,0,1
BRDA:21,3,0,1
BRDA:25,4,0,1
BRDA:29,5,0,1
BRDA:33,6,0,8
BRF:7
BRH:7
end_of_record
TN:
SF:server/resolvers/index.ts
FNF:0
FNH:0
DA:1,1
DA:2,1
DA:4,1
DA:9,1
LF:4
LH:4
BRF:0
BRH:0
end_of_record
TN:
SF:server/schema/index.ts
FNF:0
FNH:0
DA:1,1
DA:2,1
DA:4,1
DA:6,1
LF:4
LH:4
BRF:0
BRH:0
end_of_record
TN:
SF:test/helpers.ts
FN:8,(anonymous_14)
FN:14,(anonymous_15)
FN:25,(anonymous_16)
FNF:3
FNH:3
FNDA:3,(anonymous_14)
FNDA:6,(anonymous_15)
FNDA:9,(anonymous_16)
DA:1,1
DA:2,1
DA:3,1
DA:4,1
DA:5,1
DA:6,1
DA:8,1
DA:9,3
DA:14,1
DA:15,6
DA:20,1
DA:25,1
DA:27,15
DA:29,9
DA:36,9
LF:15
LH:15
BRDA:27,0,0,6
BRDA:27,0,1,3
BRDA:29,1,0,9
BRF:3
BRH:3
end_of_record
